# JRE version: OpenJDK Runtime Environment (11.0.13) (build 11.0.13+0-b1751.21-8125866)
# Java VM: OpenJDK 64-Bit Server VM (11.0.13+0-b1751.21-8125866, mixed mode, tiered, compressed oops, g1 gc, windows-amd64)
Heap:
 garbage-first heap   total 607232K, used 276577K [0x0000000080000000, 0x0000000100000000)
  region size 1024K, 2 young (2048K), 2 survivors (2048K)
 Metaspace       used 147705K, capacity 151779K, committed 154700K, reserved 1183744K
  class space    used 18138K, capacity 19616K, committed 20812K, reserved 1048576K
GC Heap History (20 events):
Event: 3450.651 GC heap after
{Heap after GC invocations=146 (full 0):
 garbage-first heap   total 280576K, used 227847K [0x0000000080000000, 0x0000000100000000)
  region size 1024K, 2 young (2048K), 2 survivors (2048K)
 Metaspace       used 147508K, capacity 151554K, committed 154444K, reserved 1183744K
  class space    used 18154K, capacity 19647K, committed 20812K, reserved 1048576K
}
Event: 3450.695 GC heap before
{Heap before GC invocations=146 (full 0):
 garbage-first heap   total 280576K, used 239111K [0x0000000080000000, 0x0000000100000000)
  region size 1024K, 13 young (13312K), 2 survivors (2048K)
 Metaspace       used 147531K, capacity 151619K, committed 154700K, reserved 1183744K
  class space    used 18154K, capacity 19647K, committed 20812K, reserved 1048576K
}
Event: 3450.715 GC heap after
{Heap after GC invocations=147 (full 0):
 garbage-first heap   total 280576K, used 234133K [0x0000000080000000, 0x0000000100000000)
  region size 1024K, 2 young (2048K), 2 survivors (2048K)
 Metaspace       used 147531K, capacity 151619K, committed 154700K, reserved 1183744K
  class space    used 18154K, capacity 19647K, committed 20812K, reserved 1048576K
}
Event: 3450.783 GC heap before
{Heap before GC invocations=147 (full 0):
 garbage-first heap   total 280576K, used 244373K [0x0000000080000000, 0x0000000100000000)
  region size 1024K, 13 young (13312K), 2 survivors (2048K)
 Metaspace       used 147538K, capacity 151619K, committed 154700K, reserved 1183744K
  class space    used 18154K, capacity 19647K, committed 20812K, reserved 1048576K
}
Event: 3450.794 GC heap after
{Heap after GC invocations=148 (full 0):
 garbage-first heap   total 280576K, used 240257K [0x0000000080000000, 0x0000000100000000)
  region size 1024K, 2 young (2048K), 2 survivors (2048K)
 Metaspace       used 147538K, capacity 151619K, committed 154700K, reserved 1183744K
  class space    used 18154K, capacity 19647K, committed 20812K, reserved 1048576K
}
Event: 3450.843 GC heap before
{Heap before GC invocations=148 (full 0):
 garbage-first heap   total 280576K, used 250497K [0x0000000080000000, 0x0000000100000000)
  region size 1024K, 13 young (13312K), 2 survivors (2048K)
 Metaspace       used 147543K, capacity 151619K, committed 154700K, reserved 1183744K
  class space    used 18154K, capacity 19647K, committed 20812K, reserved 1048576K
}
Event: 3450.857 GC heap after
{Heap after GC invocations=149 (full 0):
 garbage-first heap   total 280576K, used 246779K [0x0000000080000000, 0x0000000100000000)
  region size 1024K, 2 young (2048K), 2 survivors (2048K)
 Metaspace       used 147543K, capacity 151619K, committed 154700K, reserved 1183744K
  class space    used 18154K, capacity 19647K, committed 20812K, reserved 1048576K
}
Event: 3450.904 GC heap before
{Heap before GC invocations=149 (full 0):
 garbage-first heap   total 280576K, used 258043K [0x0000000080000000, 0x0000000100000000)
  region size 1024K, 13 young (13312K), 2 survivors (2048K)
 Metaspace       used 147553K, capacity 151620K, committed 154700K, reserved 1183744K
  class space    used 18154K, capacity 19647K, committed 20812K, reserved 1048576K
}
Event: 3450.917 GC heap after
{Heap after GC invocations=150 (full 0):
 garbage-first heap   total 280576K, used 252918K [0x0000000080000000, 0x0000000100000000)
  region size 1024K, 2 young (2048K), 2 survivors (2048K)
 Metaspace       used 147553K, capacity 151620K, committed 154700K, reserved 1183744K
  class space    used 18154K, capacity 19647K, committed 20812K, reserved 1048576K
}
Event: 3450.955 GC heap before
{Heap before GC invocations=150 (full 0):
 garbage-first heap   total 280576K, used 263158K [0x0000000080000000, 0x0000000100000000)
  region size 1024K, 13 young (13312K), 2 survivors (2048K)
 Metaspace       used 147558K, capacity 151621K, committed 154700K, reserved 1183744K
  class space    used 18154K, capacity 19647K, committed 20812K, reserved 1048576K
}
Event: 3450.968 GC heap after
{Heap after GC invocations=151 (full 0):
 garbage-first heap   total 280576K, used 259072K [0x0000000080000000, 0x0000000100000000)
  region size 1024K, 2 young (2048K), 2 survivors (2048K)
 Metaspace       used 147558K, capacity 151621K, committed 154700K, reserved 1183744K
  class space    used 18154K, capacity 19647K, committed 20812K, reserved 1048576K
}
Event: 3451.027 GC heap before
{Heap before GC invocations=151 (full 0):
 garbage-first heap   total 280576K, used 270336K [0x0000000080000000, 0x0000000100000000)
  region size 1024K, 13 young (13312K), 2 survivors (2048K)
 Metaspace       used 147558K, capacity 151621K, committed 154700K, reserved 1183744K
  class space    used 18154K, capacity 19647K, committed 20812K, reserved 1048576K
}
Event: 3451.040 GC heap after
{Heap after GC invocations=152 (full 0):
 garbage-first heap   total 336896K, used 265216K [0x0000000080000000, 0x0000000100000000)
  region size 1024K, 2 young (2048K), 2 survivors (2048K)
 Metaspace       used 147558K, capacity 151621K, committed 154700K, reserved 1183744K
  class space    used 18154K, capacity 19647K, committed 20812K, reserved 1048576K
}
Event: 3451.285 GC heap before
{Heap before GC invocations=152 (full 0):
 garbage-first heap   total 336896K, used 280576K [0x0000000080000000, 0x0000000100000000)
  region size 1024K, 18 young (18432K), 2 survivors (2048K)
 Metaspace       used 147545K, capacity 151624K, committed 154700K, reserved 1183744K
  class space    used 18126K, capacity 19594K, committed 20812K, reserved 1048576K
}
Event: 3451.300 GC heap after
{Heap after GC invocations=153 (full 0):
 garbage-first heap   total 336896K, used 271496K [0x0000000080000000, 0x0000000100000000)
  region size 1024K, 3 young (3072K), 3 survivors (3072K)
 Metaspace       used 147545K, capacity 151624K, committed 154700K, reserved 1183744K
  class space    used 18126K, capacity 19594K, committed 20812K, reserved 1048576K
}
Event: 3451.500 GC heap before
{Heap before GC invocations=154 (full 0):
 garbage-first heap   total 336896K, used 283784K [0x0000000080000000, 0x0000000100000000)
  region size 1024K, 16 young (16384K), 3 survivors (3072K)
 Metaspace       used 147673K, capacity 151770K, committed 154700K, reserved 1183744K
  class space    used 18138K, capacity 19616K, committed 20812K, reserved 1048576K
}
Event: 3451.511 GC heap after
{Heap after GC invocations=155 (full 0):
 garbage-first heap   total 336896K, used 273170K [0x0000000080000000, 0x0000000100000000)
  region size 1024K, 2 young (2048K), 2 survivors (2048K)
 Metaspace       used 147673K, capacity 151770K, committed 154700K, reserved 1183744K
  class space    used 18138K, capacity 19616K, committed 20812K, reserved 1048576K
}
Event: 3451.626 GC heap before
{Heap before GC invocations=155 (full 0):
 garbage-first heap   total 336896K, used 287506K [0x0000000080000000, 0x0000000100000000)
  region size 1024K, 16 young (16384K), 2 survivors (2048K)
 Metaspace       used 147690K, capacity 151774K, committed 154700K, reserved 1183744K
  class space    used 18138K, capacity 19616K, committed 20812K, reserved 1048576K
}
Event: 3451.634 GC heap after
{Heap after GC invocations=156 (full 0):
 garbage-first heap   total 336896K, used 274615K [0x0000000080000000, 0x0000000100000000)
  region size 1024K, 2 young (2048K), 2 survivors (2048K)
 Metaspace       used 147690K, capacity 151774K, committed 154700K, reserved 1183744K
  class space    used 18138K, capacity 19616K, committed 20812K, reserved 1048576K
}
Event: 3451.792 GC heap before
{Heap before GC invocations=156 (full 0):
 garbage-first heap   total 336896K, used 288951K [0x0000000080000000, 0x0000000100000000)
  region size 1024K, 16 young (16384K), 2 survivors (2048K)
 Metaspace       used 147705K, capacity 151779K, committed 154700K, reserved 1183744K
  class space    used 18138K, capacity 19616K, committed 20812K, reserved 1048576K
}

